CRITICAL - 2021-06-24 01:15:58 --> Call to undefined function mysql_connect()
#0 C:\xampp\htdocs\assessment3\vendor\codeigniter4\framework\system\View\View.php(230): include()
#1 C:\xampp\htdocs\assessment3\vendor\codeigniter4\framework\system\View\View.php(232): CodeIgniter\View\View->CodeIgniter\View\{closure}()
#2 C:\xampp\htdocs\assessment3\vendor\codeigniter4\framework\system\Common.php(1271): CodeIgniter\View\View->render('index', Array, true)
#3 C:\xampp\htdocs\assessment3\app\Controllers\Barang.php(9): view('index')
#4 C:\xampp\htdocs\assessment3\vendor\codeigniter4\framework\system\CodeIgniter.php(928): App\Controllers\Barang->index()
#5 C:\xampp\htdocs\assessment3\vendor\codeigniter4\framework\system\CodeIgniter.php(436): CodeIgniter\CodeIgniter->runController(Object(App\Controllers\Barang))
#6 C:\xampp\htdocs\assessment3\vendor\codeigniter4\framework\system\CodeIgniter.php(336): CodeIgniter\CodeIgniter->handleRequest(NULL, Object(Config\Cache), false)
#7 C:\xampp\htdocs\assessment3\public\index.php(37): CodeIgniter\CodeIgniter->run()
#8 C:\xampp\htdocs\assessment3\vendor\codeigniter4\framework\system\Commands\Server\rewrite.php(45): require_once('C:\\xampp\\htdocs...')
#9 {main}
CRITICAL - 2021-06-24 01:16:44 --> Call to undefined function mysql_connect()
#0 C:\xampp\htdocs\assessment3\vendor\codeigniter4\framework\system\View\View.php(230): include()
#1 C:\xampp\htdocs\assessment3\vendor\codeigniter4\framework\system\View\View.php(232): CodeIgniter\View\View->CodeIgniter\View\{closure}()
#2 C:\xampp\htdocs\assessment3\vendor\codeigniter4\framework\system\Common.php(1271): CodeIgniter\View\View->render('index', Array, true)
#3 C:\xampp\htdocs\assessment3\app\Controllers\Barang.php(9): view('index')
#4 C:\xampp\htdocs\assessment3\vendor\codeigniter4\framework\system\CodeIgniter.php(928): App\Controllers\Barang->index()
#5 C:\xampp\htdocs\assessment3\vendor\codeigniter4\framework\system\CodeIgniter.php(436): CodeIgniter\CodeIgniter->runController(Object(App\Controllers\Barang))
#6 C:\xampp\htdocs\assessment3\vendor\codeigniter4\framework\system\CodeIgniter.php(336): CodeIgniter\CodeIgniter->handleRequest(NULL, Object(Config\Cache), false)
#7 C:\xampp\htdocs\assessment3\public\index.php(37): CodeIgniter\CodeIgniter->run()
#8 C:\xampp\htdocs\assessment3\vendor\codeigniter4\framework\system\Commands\Server\rewrite.php(45): require_once('C:\\xampp\\htdocs...')
#9 {main}
CRITICAL - 2021-06-24 01:17:16 --> Call to undefined function mysql_query()
#0 C:\xampp\htdocs\assessment3\vendor\codeigniter4\framework\system\View\View.php(230): include()
#1 C:\xampp\htdocs\assessment3\vendor\codeigniter4\framework\system\View\View.php(232): CodeIgniter\View\View->CodeIgniter\View\{closure}()
#2 C:\xampp\htdocs\assessment3\vendor\codeigniter4\framework\system\Common.php(1271): CodeIgniter\View\View->render('index', Array, true)
#3 C:\xampp\htdocs\assessment3\app\Controllers\Barang.php(9): view('index')
#4 C:\xampp\htdocs\assessment3\vendor\codeigniter4\framework\system\CodeIgniter.php(928): App\Controllers\Barang->index()
#5 C:\xampp\htdocs\assessment3\vendor\codeigniter4\framework\system\CodeIgniter.php(436): CodeIgniter\CodeIgniter->runController(Object(App\Controllers\Barang))
#6 C:\xampp\htdocs\assessment3\vendor\codeigniter4\framework\system\CodeIgniter.php(336): CodeIgniter\CodeIgniter->handleRequest(NULL, Object(Config\Cache), false)
#7 C:\xampp\htdocs\assessment3\public\index.php(37): CodeIgniter\CodeIgniter->run()
#8 C:\xampp\htdocs\assessment3\vendor\codeigniter4\framework\system\Commands\Server\rewrite.php(45): require_once('C:\\xampp\\htdocs...')
#9 {main}
CRITICAL - 2021-06-24 01:17:30 --> Call to undefined function mysql_query()
#0 C:\xampp\htdocs\assessment3\vendor\codeigniter4\framework\system\View\View.php(230): include()
#1 C:\xampp\htdocs\assessment3\vendor\codeigniter4\framework\system\View\View.php(232): CodeIgniter\View\View->CodeIgniter\View\{closure}()
#2 C:\xampp\htdocs\assessment3\vendor\codeigniter4\framework\system\Common.php(1271): CodeIgniter\View\View->render('index', Array, true)
#3 C:\xampp\htdocs\assessment3\app\Controllers\Barang.php(9): view('index')
#4 C:\xampp\htdocs\assessment3\vendor\codeigniter4\framework\system\CodeIgniter.php(928): App\Controllers\Barang->index()
#5 C:\xampp\htdocs\assessment3\vendor\codeigniter4\framework\system\CodeIgniter.php(436): CodeIgniter\CodeIgniter->runController(Object(App\Controllers\Barang))
#6 C:\xampp\htdocs\assessment3\vendor\codeigniter4\framework\system\CodeIgniter.php(336): CodeIgniter\CodeIgniter->handleRequest(NULL, Object(Config\Cache), false)
#7 C:\xampp\htdocs\assessment3\public\index.php(37): CodeIgniter\CodeIgniter->run()
#8 C:\xampp\htdocs\assessment3\vendor\codeigniter4\framework\system\Commands\Server\rewrite.php(45): require_once('C:\\xampp\\htdocs...')
#9 {main}
CRITICAL - 2021-06-24 01:17:48 --> Call to undefined function mysql_query()
#0 C:\xampp\htdocs\assessment3\vendor\codeigniter4\framework\system\View\View.php(230): include()
#1 C:\xampp\htdocs\assessment3\vendor\codeigniter4\framework\system\View\View.php(232): CodeIgniter\View\View->CodeIgniter\View\{closure}()
#2 C:\xampp\htdocs\assessment3\vendor\codeigniter4\framework\system\Common.php(1271): CodeIgniter\View\View->render('index', Array, true)
#3 C:\xampp\htdocs\assessment3\app\Controllers\Barang.php(9): view('index')
#4 C:\xampp\htdocs\assessment3\vendor\codeigniter4\framework\system\CodeIgniter.php(928): App\Controllers\Barang->index()
#5 C:\xampp\htdocs\assessment3\vendor\codeigniter4\framework\system\CodeIgniter.php(436): CodeIgniter\CodeIgniter->runController(Object(App\Controllers\Barang))
#6 C:\xampp\htdocs\assessment3\vendor\codeigniter4\framework\system\CodeIgniter.php(336): CodeIgniter\CodeIgniter->handleRequest(NULL, Object(Config\Cache), false)
#7 C:\xampp\htdocs\assessment3\public\index.php(37): CodeIgniter\CodeIgniter->run()
#8 C:\xampp\htdocs\assessment3\vendor\codeigniter4\framework\system\Commands\Server\rewrite.php(45): require_once('C:\\xampp\\htdocs...')
#9 {main}
